{"__type":"$$EventMessageAudit","id":"003d9777-29fa-41ae-8f86-5d711b638af4","ts":"2026-04-29T13:15:20.910+00:00","eventName":"n8n.audit.workflow.executed","message":"n8n.audit.workflow.executed","payload":{"userId":"27ed541f-2bfb-4c2b-b2ed-bb2d4494cfb7","_email":"mehdi.ajam70@gmail.com","_firstName":"spc","_lastName":"ops","globalRole":"global:owner","workflowId":"NGqlte9IX2divGDz","workflowName":"MLOps — Auto Retrain & Stock Alert","executionId":"81","source":"user-manual"}}
{"__type":"$$EventMessageConfirm","confirm":"003d9777-29fa-41ae-8f86-5d711b638af4","ts":"2026-04-29T13:15:20.912+00:00","source":{"id":"0","name":"eventBus"}}
{"__type":"$$EventMessageWorkflow","id":"9a80e5f2-8024-434c-a189-16c97222dc4e","ts":"2026-04-29T13:15:20.913+00:00","eventName":"n8n.workflow.started","message":"n8n.workflow.started","payload":{"executionId":"81","workflowId":"NGqlte9IX2divGDz","isManual":false,"mode":"manual","workflowName":"MLOps — Auto Retrain & Stock Alert","projectId":"9Elaft6P8fpjCSpm","projectName":"spc ops <mehdi.ajam70@gmail.com>"}}
{"__type":"$$EventMessageConfirm","confirm":"9a80e5f2-8024-434c-a189-16c97222dc4e","ts":"2026-04-29T13:15:20.913+00:00","source":{"id":"0","name":"eventBus"}}
{"__type":"$$EventMessageNode","id":"6c20e602-90ce-46cf-aa66-76bcdfe46d91","ts":"2026-04-29T13:15:20.941+00:00","eventName":"n8n.node.started","message":"n8n.node.started","payload":{"workflowId":"NGqlte9IX2divGDz","workflowName":"MLOps — Auto Retrain & Stock Alert","executionId":"81","nodeType":"n8n-nodes-base.scheduleTrigger","nodeName":"Daily Schedule (8AM)","nodeId":"d5ca7771-16fc-4e5d-a6d8-e4ff8599b418"}}
{"__type":"$$EventMessageConfirm","confirm":"6c20e602-90ce-46cf-aa66-76bcdfe46d91","ts":"2026-04-29T13:15:20.941+00:00","source":{"id":"0","name":"eventBus"}}
{"__type":"$$EventMessageNode","id":"955123ce-a176-4801-9124-e36adc2648f0","ts":"2026-04-29T13:15:20.994+00:00","eventName":"n8n.node.finished","message":"n8n.node.finished","payload":{"workflowId":"NGqlte9IX2divGDz","workflowName":"MLOps — Auto Retrain & Stock Alert","executionId":"81","nodeType":"n8n-nodes-base.scheduleTrigger","nodeName":"Daily Schedule (8AM)","nodeId":"d5ca7771-16fc-4e5d-a6d8-e4ff8599b418"}}
{"__type":"$$EventMessageConfirm","confirm":"955123ce-a176-4801-9124-e36adc2648f0","ts":"2026-04-29T13:15:20.994+00:00","source":{"id":"0","name":"eventBus"}}
{"__type":"$$EventMessageNode","id":"1e41b470-01bf-47bd-b3a6-d480f233b7f4","ts":"2026-04-29T13:15:20.999+00:00","eventName":"n8n.node.started","message":"n8n.node.started","payload":{"workflowId":"NGqlte9IX2divGDz","workflowName":"MLOps — Auto Retrain & Stock Alert","executionId":"81","nodeType":"n8n-nodes-base.httpRequest","nodeName":"Trigger Training","nodeId":"4d5237b8-8cbf-494f-b14b-d1bf3343bcbb"}}
{"__type":"$$EventMessageConfirm","confirm":"1e41b470-01bf-47bd-b3a6-d480f233b7f4","ts":"2026-04-29T13:15:20.999+00:00","source":{"id":"0","name":"eventBus"}}
{"__type":"$$EventMessageNode","id":"4c943050-5f14-410b-bc2e-6cdb3c8bc649","ts":"2026-04-29T13:15:21.299+00:00","eventName":"n8n.node.finished","message":"n8n.node.finished","payload":{"workflowId":"NGqlte9IX2divGDz","workflowName":"MLOps — Auto Retrain & Stock Alert","executionId":"81","nodeType":"n8n-nodes-base.httpRequest","nodeName":"Trigger Training","nodeId":"4d5237b8-8cbf-494f-b14b-d1bf3343bcbb"}}
{"__type":"$$EventMessageConfirm","confirm":"4c943050-5f14-410b-bc2e-6cdb3c8bc649","ts":"2026-04-29T13:15:21.300+00:00","source":{"id":"0","name":"eventBus"}}
{"__type":"$$EventMessageWorkflow","id":"4192a44e-acb7-4bc9-a908-5087bf6634dd","ts":"2026-04-29T13:15:21.322+00:00","eventName":"n8n.workflow.success","message":"n8n.workflow.success","payload":{"userId":"27ed541f-2bfb-4c2b-b2ed-bb2d4494cfb7","executionId":"81","success":true,"isManual":true,"mode":"manual","workflowId":"NGqlte9IX2divGDz","workflowName":"MLOps — Auto Retrain & Stock Alert","projectId":"9Elaft6P8fpjCSpm","projectName":"spc ops <mehdi.ajam70@gmail.com>"}}
{"__type":"$$EventMessageConfirm","confirm":"4192a44e-acb7-4bc9-a908-5087bf6634dd","ts":"2026-04-29T13:15:21.323+00:00","source":{"id":"0","name":"eventBus"}}
{"__type":"$$EventMessageAudit","id":"53b107c5-2883-4ece-b36b-8f3b5fa88839","ts":"2026-04-29T13:15:37.476+00:00","eventName":"n8n.audit.workflow.executed","message":"n8n.audit.workflow.executed","payload":{"userId":"27ed541f-2bfb-4c2b-b2ed-bb2d4494cfb7","_email":"mehdi.ajam70@gmail.com","_firstName":"spc","_lastName":"ops","globalRole":"global:owner","workflowId":"NGqlte9IX2divGDz","workflowName":"MLOps — Auto Retrain & Stock Alert","executionId":"82","source":"user-manual"}}
{"__type":"$$EventMessageConfirm","confirm":"53b107c5-2883-4ece-b36b-8f3b5fa88839","ts":"2026-04-29T13:15:37.477+00:00","source":{"id":"0","name":"eventBus"}}
{"__type":"$$EventMessageWorkflow","id":"197f77d7-9f31-48c5-b6f6-58da8faf770a","ts":"2026-04-29T13:15:37.477+00:00","eventName":"n8n.workflow.started","message":"n8n.workflow.started","payload":{"executionId":"82","workflowId":"NGqlte9IX2divGDz","isManual":false,"mode":"manual","workflowName":"MLOps — Auto Retrain & Stock Alert","projectId":"9Elaft6P8fpjCSpm","projectName":"spc ops <mehdi.ajam70@gmail.com>"}}
{"__type":"$$EventMessageConfirm","confirm":"197f77d7-9f31-48c5-b6f6-58da8faf770a","ts":"2026-04-29T13:15:37.478+00:00","source":{"id":"0","name":"eventBus"}}
{"__type":"$$EventMessageNode","id":"1b783450-942a-4588-9d6d-8a781557c214","ts":"2026-04-29T13:15:37.559+00:00","eventName":"n8n.node.started","message":"n8n.node.started","payload":{"workflowId":"NGqlte9IX2divGDz","workflowName":"MLOps — Auto Retrain & Stock Alert","executionId":"82","nodeType":"n8n-nodes-base.wait","nodeName":"Wait 3 Minutes","nodeId":"e510e7f9-9ed0-445b-b725-f03469d66911"}}
{"__type":"$$EventMessageConfirm","confirm":"1b783450-942a-4588-9d6d-8a781557c214","ts":"2026-04-29T13:15:37.559+00:00","source":{"id":"0","name":"eventBus"}}
{"__type":"$$EventMessageNode","id":"33e3f9bb-aadb-4ca5-bc5b-881c3ff49af0","ts":"2026-04-29T13:15:37.573+00:00","eventName":"n8n.node.finished","message":"n8n.node.finished","payload":{"workflowId":"NGqlte9IX2divGDz","workflowName":"MLOps — Auto Retrain & Stock Alert","executionId":"82","nodeType":"n8n-nodes-base.wait","nodeName":"Wait 3 Minutes","nodeId":"e510e7f9-9ed0-445b-b725-f03469d66911"}}
{"__type":"$$EventMessageConfirm","confirm":"33e3f9bb-aadb-4ca5-bc5b-881c3ff49af0","ts":"2026-04-29T13:15:37.573+00:00","source":{"id":"0","name":"eventBus"}}
{"__type":"$$EventMessageNode","id":"20a39fda-d3e1-43c2-8693-b87c4b47510a","ts":"2026-04-29T13:18:37.687+00:00","eventName":"n8n.node.started","message":"n8n.node.started","payload":{"workflowId":"NGqlte9IX2divGDz","workflowName":"MLOps — Auto Retrain & Stock Alert","executionId":"82","nodeType":"n8n-nodes-base.wait","nodeName":"Wait 3 Minutes","nodeId":"e510e7f9-9ed0-445b-b725-f03469d66911"}}
{"__type":"$$EventMessageConfirm","confirm":"20a39fda-d3e1-43c2-8693-b87c4b47510a","ts":"2026-04-29T13:18:37.688+00:00","source":{"id":"0","name":"eventBus"}}
{"__type":"$$EventMessageNode","id":"9cf2ed91-a05f-4cc4-8ff0-78b2bb45f61b","ts":"2026-04-29T13:18:37.690+00:00","eventName":"n8n.node.finished","message":"n8n.node.finished","payload":{"workflowId":"NGqlte9IX2divGDz","workflowName":"MLOps — Auto Retrain & Stock Alert","executionId":"82","nodeType":"n8n-nodes-base.wait","nodeName":"Wait 3 Minutes","nodeId":"e510e7f9-9ed0-445b-b725-f03469d66911"}}
{"__type":"$$EventMessageConfirm","confirm":"9cf2ed91-a05f-4cc4-8ff0-78b2bb45f61b","ts":"2026-04-29T13:18:37.690+00:00","source":{"id":"0","name":"eventBus"}}
{"__type":"$$EventMessageNode","id":"72d1ef4c-87d3-4066-9fd8-ac875e9a8099","ts":"2026-04-29T13:18:37.693+00:00","eventName":"n8n.node.started","message":"n8n.node.started","payload":{"workflowId":"NGqlte9IX2divGDz","workflowName":"MLOps — Auto Retrain & Stock Alert","executionId":"82","nodeType":"n8n-nodes-base.httpRequest","nodeName":"Health Check","nodeId":"a087d074-25f6-46bf-ae6f-4ce78dd02d39"}}
{"__type":"$$EventMessageConfirm","confirm":"72d1ef4c-87d3-4066-9fd8-ac875e9a8099","ts":"2026-04-29T13:18:37.693+00:00","source":{"id":"0","name":"eventBus"}}
{"__type":"$$EventMessageNode","id":"be6fb9df-9992-4907-bf37-ae822ba1e241","ts":"2026-04-29T13:18:37.721+00:00","eventName":"n8n.node.finished","message":"n8n.node.finished","payload":{"workflowId":"NGqlte9IX2divGDz","workflowName":"MLOps — Auto Retrain & Stock Alert","executionId":"82","nodeType":"n8n-nodes-base.httpRequest","nodeName":"Health Check","nodeId":"a087d074-25f6-46bf-ae6f-4ce78dd02d39"}}
{"__type":"$$EventMessageConfirm","confirm":"be6fb9df-9992-4907-bf37-ae822ba1e241","ts":"2026-04-29T13:18:37.721+00:00","source":{"id":"0","name":"eventBus"}}
{"__type":"$$EventMessageWorkflow","id":"f9d10c62-50c3-4d0c-8ad2-2e3d6bc2571f","ts":"2026-04-29T13:18:37.736+00:00","eventName":"n8n.workflow.success","message":"n8n.workflow.success","payload":{"executionId":"82","success":true,"isManual":true,"mode":"manual","workflowId":"NGqlte9IX2divGDz","workflowName":"MLOps — Auto Retrain & Stock Alert","projectId":"9Elaft6P8fpjCSpm"}}
{"__type":"$$EventMessageConfirm","confirm":"f9d10c62-50c3-4d0c-8ad2-2e3d6bc2571f","ts":"2026-04-29T13:18:37.737+00:00","source":{"id":"0","name":"eventBus"}}
{"__type":"$$EventMessageAudit","id":"b077cd7e-954f-4c3a-9f35-adf4ceb214f9","ts":"2026-04-29T13:18:43.217+00:00","eventName":"n8n.audit.workflow.executed","message":"n8n.audit.workflow.executed","payload":{"userId":"27ed541f-2bfb-4c2b-b2ed-bb2d4494cfb7","_email":"mehdi.ajam70@gmail.com","_firstName":"spc","_lastName":"ops","globalRole":"global:owner","workflowId":"NGqlte9IX2divGDz","workflowName":"MLOps — Auto Retrain & Stock Alert","executionId":"83","source":"user-manual"}}
{"__type":"$$EventMessageConfirm","confirm":"b077cd7e-954f-4c3a-9f35-adf4ceb214f9","ts":"2026-04-29T13:18:43.218+00:00","source":{"id":"0","name":"eventBus"}}
{"__type":"$$EventMessageWorkflow","id":"d2b516c4-049d-4915-a17e-431a4f31197f","ts":"2026-04-29T13:18:43.218+00:00","eventName":"n8n.workflow.started","message":"n8n.workflow.started","payload":{"executionId":"83","workflowId":"NGqlte9IX2divGDz","isManual":false,"mode":"manual","workflowName":"MLOps — Auto Retrain & Stock Alert","projectId":"9Elaft6P8fpjCSpm","projectName":"spc ops <mehdi.ajam70@gmail.com>"}}
{"__type":"$$EventMessageConfirm","confirm":"d2b516c4-049d-4915-a17e-431a4f31197f","ts":"2026-04-29T13:18:43.218+00:00","source":{"id":"0","name":"eventBus"}}
{"__type":"$$EventMessageNode","id":"10d4b0d6-2610-4935-8a52-df6945893061","ts":"2026-04-29T13:18:43.256+00:00","eventName":"n8n.node.started","message":"n8n.node.started","payload":{"workflowId":"NGqlte9IX2divGDz","workflowName":"MLOps — Auto Retrain & Stock Alert","executionId":"83","nodeType":"n8n-nodes-base.if","nodeName":"Model Ready?","nodeId":"e06a65ea-cc34-400b-977c-4de7e0395edf"}}
{"__type":"$$EventMessageConfirm","confirm":"10d4b0d6-2610-4935-8a52-df6945893061","ts":"2026-04-29T13:18:43.257+00:00","source":{"id":"0","name":"eventBus"}}
{"__type":"$$EventMessageNode","id":"0a4ecd9f-cca7-4de3-af51-9097deb8d1d4","ts":"2026-04-29T09:18:43.495-04:00","eventName":"n8n.node.finished","message":"n8n.node.finished","payload":{"workflowId":"NGqlte9IX2divGDz","workflowName":"MLOps — Auto Retrain & Stock Alert","executionId":"83","nodeType":"n8n-nodes-base.if","nodeName":"Model Ready?","nodeId":"e06a65ea-cc34-400b-977c-4de7e0395edf"}}
{"__type":"$$EventMessageConfirm","confirm":"0a4ecd9f-cca7-4de3-af51-9097deb8d1d4","ts":"2026-04-29T09:18:43.495-04:00","source":{"id":"0","name":"eventBus"}}
{"__type":"$$EventMessageWorkflow","id":"a5f8fc9e-c3a4-45d3-8611-7ab34888e779","ts":"2026-04-29T09:18:43.504-04:00","eventName":"n8n.workflow.success","message":"n8n.workflow.success","payload":{"userId":"27ed541f-2bfb-4c2b-b2ed-bb2d4494cfb7","executionId":"83","success":true,"isManual":true,"mode":"manual","workflowId":"NGqlte9IX2divGDz","workflowName":"MLOps — Auto Retrain & Stock Alert","projectId":"9Elaft6P8fpjCSpm","projectName":"spc ops <mehdi.ajam70@gmail.com>"}}
{"__type":"$$EventMessageConfirm","confirm":"a5f8fc9e-c3a4-45d3-8611-7ab34888e779","ts":"2026-04-29T09:18:43.504-04:00","source":{"id":"0","name":"eventBus"}}
{"__type":"$$EventMessageAudit","id":"0198d82e-5e1a-4cd8-8054-c2b595812ec2","ts":"2026-04-29T09:18:45.361-04:00","eventName":"n8n.audit.workflow.executed","message":"n8n.audit.workflow.executed","payload":{"userId":"27ed541f-2bfb-4c2b-b2ed-bb2d4494cfb7","_email":"mehdi.ajam70@gmail.com","_firstName":"spc","_lastName":"ops","globalRole":"global:owner","workflowId":"NGqlte9IX2divGDz","workflowName":"MLOps — Auto Retrain & Stock Alert","executionId":"84","source":"user-manual"}}
{"__type":"$$EventMessageConfirm","confirm":"0198d82e-5e1a-4cd8-8054-c2b595812ec2","ts":"2026-04-29T09:18:45.362-04:00","source":{"id":"0","name":"eventBus"}}
{"__type":"$$EventMessageWorkflow","id":"394f447d-a31f-4a27-b73c-9d54ce8b37e8","ts":"2026-04-29T09:18:45.362-04:00","eventName":"n8n.workflow.started","message":"n8n.workflow.started","payload":{"executionId":"84","workflowId":"NGqlte9IX2divGDz","isManual":false,"mode":"manual","workflowName":"MLOps — Auto Retrain & Stock Alert","projectId":"9Elaft6P8fpjCSpm","projectName":"spc ops <mehdi.ajam70@gmail.com>"}}
{"__type":"$$EventMessageConfirm","confirm":"394f447d-a31f-4a27-b73c-9d54ce8b37e8","ts":"2026-04-29T09:18:45.362-04:00","source":{"id":"0","name":"eventBus"}}
{"__type":"$$EventMessageNode","id":"2128cc8c-25cf-4283-9b3d-e52545263df8","ts":"2026-04-29T09:18:45.395-04:00","eventName":"n8n.node.started","message":"n8n.node.started","payload":{"workflowId":"NGqlte9IX2divGDz","workflowName":"MLOps — Auto Retrain & Stock Alert","executionId":"84","nodeType":"n8n-nodes-base.httpRequest","nodeName":"Run Prediction","nodeId":"b97f2ddd-5674-4dc4-8583-71439b2a8a13"}}
{"__type":"$$EventMessageConfirm","confirm":"2128cc8c-25cf-4283-9b3d-e52545263df8","ts":"2026-04-29T09:18:45.396-04:00","source":{"id":"0","name":"eventBus"}}
{"__type":"$$EventMessageNode","id":"f9c91add-56a7-4fce-abb8-85f7a4084ca2","ts":"2026-04-29T09:18:45.760-04:00","eventName":"n8n.node.finished","message":"n8n.node.finished","payload":{"workflowId":"NGqlte9IX2divGDz","workflowName":"MLOps — Auto Retrain & Stock Alert","executionId":"84","nodeType":"n8n-nodes-base.httpRequest","nodeName":"Run Prediction","nodeId":"b97f2ddd-5674-4dc4-8583-71439b2a8a13"}}
{"__type":"$$EventMessageConfirm","confirm":"f9c91add-56a7-4fce-abb8-85f7a4084ca2","ts":"2026-04-29T09:18:45.760-04:00","source":{"id":"0","name":"eventBus"}}
{"__type":"$$EventMessageWorkflow","id":"cd132de1-0272-4247-acb2-8a02df786eaf","ts":"2026-04-29T09:18:45.769-04:00","eventName":"n8n.workflow.success","message":"n8n.workflow.success","payload":{"userId":"27ed541f-2bfb-4c2b-b2ed-bb2d4494cfb7","executionId":"84","success":true,"isManual":true,"mode":"manual","workflowId":"NGqlte9IX2divGDz","workflowName":"MLOps — Auto Retrain & Stock Alert","projectId":"9Elaft6P8fpjCSpm","projectName":"spc ops <mehdi.ajam70@gmail.com>"}}
{"__type":"$$EventMessageConfirm","confirm":"cd132de1-0272-4247-acb2-8a02df786eaf","ts":"2026-04-29T09:18:45.769-04:00","source":{"id":"0","name":"eventBus"}}
